11110100011110110011
10001100101011010111
11011100101110000011
11110010011100010111
11111100011110010011
11100010011110111101
00011101111110011010
11100000011111010111
10011100101000010010
11100110011110110111
11011100110011110000
00110010011100000010
11111100111001110110
01110000110110010010
01100101110010010110
11111010110011111000
00011100111011101011
01111010010000010010
01111001010010011110
11000100100010010000
11010001100100001111
11011010101101110011
11111010000101010011
01011101101110100101
10001010101000110111
11011100101111000111
11011010101000000111
10101010101111000110
11011011111100010101
01011010100111000111
00010110011001100011
10011110011101101000
10011100011001000000
01100111101101100000
11110111011101111000
10000110110011100100
10110110011101100100
10001010011111100000
10011110001100101100
01000010111101100001
01110010000110010010
01111000001110111011
01010001100011011000
11111010001110010010
01010110000010111010
11101010010111010000
01101111100001011010
01111000001110000000
10111100010010001010
01111010101100011110
01111111000111011011
11110001111111110001
01111100000011010010
01111001110110110001
01111101010111101001
00011110001001110011
01111011000111010101
01011101110111110001
01001100001111110111
10111101100011110001
11000001100010101100
11101100000000011101
10000101100010010101
11001100001011111110
11111101110000001100
10000100001010011110
11000001101010011000
11010101000011010100
10100100011100100000
00110101001001000101
10100100011100000101
10100101011100011111
11110010111111100001
10100101011101110101
11010000100100101011
10100000011101110111
11110101111100100101
11110000111001001010
10011101100100111111
01010101100111110011
11111001000101111001
11010101101101101010
10010010010101110001
11111000000111111010
01010011100100011011
01011011110101111011
11010001100111010101
01101001110000010010
01111100101011000000
01101100101011000100
10110101110101100000
11111101111001110010
01100001101101000101
10101110101000110100
01001101101001000010
01100101110011001100
10110111001001110000
00110101101001000100
10110100010111100000
01110100100011010010
00111001011000000000
01111100011101010101
10100011001010101000
10110101110111011110
01110000110110100001
10110100001111110110
10110110110111101100
11100101110011110100
01101100100100101100
10010010111111100101
10000010110111110100
01000110010001110000
01110010110101110000
00000000001110110111
00000110100111011100
10100011110101110110
01100101000101110000
00011010110111110101
10010010111101110100
01000010010110110000
11101110101010110101
01001000001100101101
11101110010011110101
11000100001010110000
11011010001110110000
11100100011010110101
11110100111101110101
11101001001010110111
11100101100111010110
10101110001010111101
11111100111111111110
01110010000100010010
11110100011101010011
11110100111110110110
10110101011101100000
01110100101001010110
11100100110111111110
10110111101101010110
10111110011101101010
01010100111001110111
11100111111010111100
11101010010111111101
11101100111011110111
10001010001110111101
11001010001110011101
11111010111100100111
10101010111000111100
11001110001110110111
11101010000111011110
11101000111000110001
11000101111011110100
11110001000100011111
11110001011101111111
11101010111110110101
01111101000101110011
11110001111111110101
11100011011111110111
10111000111101100100
11010010011100100000
10010110011111110000
10110010011110100000
11010100110111110100
10110111000110110000
11000010111111011110
11000111001110011100
11010000010010110000
11000110101000110010
10001110010011110100
11000110110111111100
00001001011011010010
11100111110111111011
11010010011011010000
11101010100011000010
11000110010011110000
11001010011100110000
10010110010011110101
01010010011010111011
10011110011101100000
00011010101001001111
10101110011011100010
00011110011001101100
00000111000101101011
00011100101001111011
10001110011011100111
01111000001001010010
10001110110001101011
11101000101111100100
10101010010000101101
10111010001111101010
01101010010110010100
11101000111001100000
00101111001111000100
10101100010111100100
10110010111111100100
11010001101000000101
11011010101111010010
11010000101011010001
11101101001010110100
01010001101111010001
11011011110011010100
11000001101001101000
00010111000111010100
11101101000001101100
00000010100100101101
11000000001000100100
11111010110110111001
11101010100000101101
01001000101100101101
10001000100000111110
11101110101000100101
11110101111010011001
11000011000111011110
01101111111011000000
11110001101101011011
11110011111010011011
01111000110111010010
10101010100111000110
10100111101011011110
10001110101111111110
10100111100000010110
11100111110011111100
10100111100111011110
11100111101111000010
00101101100001011100
00110101000001100100
00000111001101001000
10000111011100110100
00011010000101101101
00001111011111011110
00000001100101101100
00101010000101101101
11000111011110111100
10000011011100101100
01010110000111110000
10101100011100101101
01001011101110001101
10001001011100010101
10111110011110101101
10101100001111000110
10101011111010001101
11101001110110101101
10101100001000001101
10101100011010011101
11101101001110100101
11110100001010110111
11101001000110000001
01110001010111010101
11011011100110000011
11110010011110010001
10011001000100100111
01110101001110000001
11101001100001000010
00111011110111010110
11001010101011000101
11011110110111110100
00110001110111000101
10111011010111100101
01001010111111010100
01111011000110110101
01010000111111010011
11011010110100010101
00011011011111110101
11000001000011010110
11101100100000011000
10001000101000010110
11101110100001110010
11101100101001000010
01101001100001010000
11101100100011010000
01111001000101110011
11111000010001010100
10001010101100110011
11110010011110000010
10001010101011110100
11001010101101000110
10110001100011111011
01110000001010110011
10101111101011111100
11000110110000110110
11101111011111100100
10100010110011111100
11010110101111000110
11101011110000111101
01100111100011111100
10000111010101101100
11100001010011110010
11110111100110001101
00111101111111110110
11000000111101011110
10111001010110000011
01000001101111011110
00101001101011001000
00010101011101010110
11100100110100000110
10101010001011100001
10101011100011001010
11100110100111010110
11001010000011100011
00111110111001001010
11101010011011100000
11100100111001000110
11111010100111110010
01110000101100110101
01001010001110101011
10001100101110110011
01110000001011110111
01111000011110110101
11100010001110111011
11111100101010010110
10101100011000101101
10101110101000001110
10011100111000110110
10000111100100001110
00111100011001101100
01001010101100001111
10111100111000101100
10110100111000001100
10011110011101100010
10001010000000011101
11010101011110110100
11011010001110011010
00111010010100110101
11111010011110110101
10001010011100111101
11011010011110110001
00110000001100110111
11010100011110110101
10111010011100010011
10001100101011110110
10101010101011000111
10101110101011111111
10000101100111010110
00111010100110010011
11001100101011110011
10010001101011010100
01000011100100101001
11011000101101111111
01001010110100111001
01111000101010000110
01011010101100100101
11001010101100001111
01001010101000111101
10001110101100100110
11101010101101101111
01010011111110011001
00001110100100111100
10000111001001100110
10001110111000110011
00011110001001101110
10101000001000110011
01010110101110110110
10011110011100110100
00000101001000110100
10111110101001000010
